<?xml version="1.0" encoding="UTF-8"?>
<!-- Generated by org.testng.reporters.JUnitXMLReporter -->
<testsuite hostname="Yuvaraj" ignored="2" name="test1" tests="1" failures="0" timestamp="12 Aug 2020 15:22:14 GMT" time="29.617" errors="0">
  <testcase name="run2" time="29.574" classname="org.testng.priorityClass"/>
  <testcase name="zun3" time="0.0" classname="org.testng.priorityClass">
    <ignored/>
  </testcase> <!-- zun3 -->
  <testcase name="run1" time="0.0" classname="org.testng.priorityClass">
    <ignored/>
  </testcase> <!-- run1 -->
</testsuite> <!-- test1 -->
