<?xml version="1.0" encoding="UTF-8"?>
<testng-results skipped="0" failed="0" ignored="0" total="2" passed="2">
  <reporter-output>
  </reporter-output>
  <suite name="Default suite" duration-ms="44571" started-at="2020-08-14T14:26:12Z" finished-at="2020-08-14T14:26:57Z">
    <groups>
    </groups>
    <test name="Default test" duration-ms="44571" started-at="2020-08-14T14:26:12Z" finished-at="2020-08-14T14:26:57Z">
      <class name="org.stepdefinition.TestngFB">
        <test-method status="PASS" signature="setData()[pri:0, instance:org.stepdefinition.TestngFB@5d76b067]" name="setData" is-config="true" duration-ms="14" started-at="2020-08-14T14:26:12Z" finished-at="2020-08-14T14:26:12Z">
          <reporter-output>
          </reporter-output>
        </test-method> <!-- setData -->
        <test-method status="PASS" signature="createLead(java.lang.String, java.lang.String)[pri:0, instance:org.stepdefinition.TestngFB@5d76b067]" name="createLead" duration-ms="20909" started-at="2020-08-14T14:26:14Z" data-provider="fetchDatas" finished-at="2020-08-14T14:26:35Z">
          <params>
            <param index="0">
              <value>
                <![CDATA[yva]]>
              </value>
            </param>
            <param index="1">
              <value>
                <![CDATA[sadf]]>
              </value>
            </param>
          </params>
          <reporter-output>
          </reporter-output>
        </test-method> <!-- createLead -->
        <test-method status="PASS" signature="createLead(java.lang.String, java.lang.String)[pri:0, instance:org.stepdefinition.TestngFB@5d76b067]" name="createLead" duration-ms="22270" started-at="2020-08-14T14:26:35Z" data-provider="fetchDatas" finished-at="2020-08-14T14:26:57Z">
          <params>
            <param index="0">
              <value>
                <![CDATA[vipin]]>
              </value>
            </param>
            <param index="1">
              <value>
                <![CDATA[weuryue]]>
              </value>
            </param>
          </params>
          <reporter-output>
          </reporter-output>
        </test-method> <!-- createLead -->
      </class> <!-- org.stepdefinition.TestngFB -->
    </test> <!-- Default test -->
  </suite> <!-- Default suite -->
</testng-results>
